2014-05-25 23:26:50 
2014-05-25 23:26:50  Zip found 5995 13-048661. Zip: 94612
2014-05-25 23:33:25 
2014-05-25 23:33:25  Zip info found 5996 13-047211. Zip updated to 94619.
2014-05-25 23:33:25  Zip info found 5997 13-047046. Zip updated to 94601.
2014-05-25 23:33:25  Zip info found 5999 13-046847. Zip updated to 94606.
2014-05-25 23:33:25  Zip info found 6000 13-046298. Zip updated to 94602.
2014-05-25 23:33:25  Zip info found 6001 13-046230. Zip updated to 94621.
2014-05-25 23:40:10  Start --------------------------
2014-05-25 23:40:10  Zip info found 6002 13-045957. Zip updated to 94601.
2014-05-25 23:40:10  Zip info found 6003 13-045951. Zip updated to 94605.
2014-05-25 23:40:10  Zip info found 6004 13-045951. Zip updated to 94605.
2014-05-25 23:40:10  Zip info found 6005 13-045946. Zip updated to 94608.
2014-05-25 23:40:10  Zip info found 6006 13-045961. Zip updated to 94607.
2014-05-25 23:40:10  End ----------------------------
2014-05-25 23:42:54  Start -------------------------------------------------------
2014-05-25 23:42:54  Zip info found 6007 13-045941. Zip updated to 94610.
2014-05-25 23:42:54  Zip info found 6008 13-045961. Zip updated to 94607.
2014-05-25 23:42:54  Zip info found 6009 13-045939. Zip updated to 94609.
2014-05-25 23:42:54  Zip info found 6010 13-045923. Zip updated to 94619.
2014-05-25 23:42:54  Zip info found 6012 13-045948. Zip updated to 94601.
2014-05-25 23:42:54  End ---------------------------------------------------------
2014-05-25 23:43:29  Start -------------------------------------------------------
2014-05-25 23:43:29  Zip info found 6013 13-045922. Zip updated to 94602.
2014-05-25 23:43:29  Zip info found 6014 13-045918. Zip updated to 94605.
2014-05-25 23:43:29  Zip info found 6015 13-045918. Zip updated to 94605.
2014-05-25 23:43:29  Zip info found 6016 13-045937. Zip updated to 94621.
2014-05-25 23:43:29  Zip info found 6017 13-045915. Zip updated to 94612.
2014-05-25 23:43:29  End   -------------------------------------------------------
2014-05-25 23:44:11  Start -------------------------------------------------------
2014-05-25 23:44:11  Zip info found 6018 13-045919. Zip updated to 94607.
2014-05-25 23:44:11  Zip info found 6019 13-045900. Zip updated to 94621.
2014-05-25 23:44:11  Zip info found 6020 13-045899. Zip updated to 94607.
2014-05-25 23:44:11  Zip info found 6021 13-045897. Zip updated to 94612.
2014-05-25 23:44:11  Zip info found 6022 13-909451. Zip updated to 94612.
2014-05-25 23:44:11  End   -------------------------------------------------------
2014-05-25 23:56:04  Start -------------------------------------------------------
2014-05-25 23:56:04  Zip info found 6023 13-045898. Zip updated to 94606.
2014-05-25 23:56:04  Zip info found 6025 13-045260. Zip updated to 94621.
2014-05-25 23:56:04  Zip info found 6026 13-045232. Zip updated to 94619.
2014-05-25 23:56:04  Zip info found 6027 13-045239. Zip updated to 94612.
2014-05-25 23:56:04  Zip info found 6028 13-045230. Zip updated to 94602.
2014-05-25 23:56:04  End   -------------------------------------------------------
2014-05-26 00:10:53  Start -------------------------------------------------------
2014-05-26 00:10:53  Zip info found 6029 13-045230. Zip updated to 94602.
2014-05-26 00:10:53  Zip info found 6030 13-045234. Zip updated to 94601.
2014-05-26 00:10:53  Zip info found 6031 13-045224. Zip updated to 94605.
2014-05-26 00:10:53  Zip info found 6032 13-042041. Zip updated to 94602.
2014-05-26 00:10:53  Zip info found 6033 13-042041. Zip updated to 94602.
2014-05-26 00:10:53  End   -------------------------------------------------------
2014-05-26 00:21:22  Start -------------------------------------------------------
2014-05-26 00:21:22  Zip info found 6034 13-045223. Zip updated to 94621.
2014-05-26 00:21:22  Zip info found 6035 13-045178. Zip updated to 94619.
2014-05-26 00:21:22  Zip info found 6036 13-045182. Zip updated to 94612.
2014-05-26 00:21:22  Zip info found 6037 13-044854. Zip updated to 94601.
2014-05-26 00:21:22  Zip info found 6038 13-044833. Zip updated to 94607.
2014-05-26 00:21:22  End   -------------------------------------------------------
2014-05-26 21:33:07  Start -------------------------------------------------------
2014-05-26 21:33:07  Zip info found 6039 13-909185. Zip updated to 94618.
2014-05-26 21:33:07  Zip info found 6040 13-044258. Zip updated to 94606.
2014-05-26 21:33:07  Zip info found 6041 13-044258. Zip updated to 94606.
2014-05-26 21:33:07  Zip info found 6042 13-044258. Zip updated to 94606.
2014-05-26 21:33:07  Zip info found 6043 13-044853. Zip updated to 94621.
2014-05-26 21:33:07  End   -------------------------------------------------------
2014-05-26 21:35:00  Start -------------------------------------------------------
2014-05-26 21:35:00  Zip info found 6045 13-909187. Zip updated to 94602.
2014-05-26 21:35:00  Zip info found 6046 13-044824. Zip updated to 94603.
2014-05-26 21:35:00  Zip info found 6049 13-044837. Zip updated to 94605.
2014-05-26 21:35:00  Zip info found 6050 13-044794. Zip updated to 94601.
2014-05-26 21:35:00  Zip info found 6051 13-044789. Zip updated to 94601.
2014-05-26 21:35:00  End   -------------------------------------------------------
2014-05-26 21:36:59  Start -------------------------------------------------------
2014-05-26 21:36:59  Zip info found 6052 13-044792. Zip updated to 94611.
2014-05-26 21:36:59  Zip info found 6054 13-044300. Zip updated to 94605.
2014-05-26 21:36:59  Zip info found 6056 13-044016. Zip updated to 94606.
2014-05-26 21:36:59  Zip info found 6057 13-908985. Zip updated to 94603.
2014-05-26 21:36:59  Zip info found 6058 13-908969. Zip updated to 94621.
2014-05-26 21:36:59  End   -------------------------------------------------------
2014-05-30 00:09:50  Start -------------------------------------------------------
2014-05-30 00:09:50  Zip info found 6064 13-043925. Zip updated to 94609.
2014-05-30 00:09:50  Zip info found 6065 13-908958. Zip updated to 94605.
2014-05-30 00:09:50  Zip info found 6066 13-043903. Zip updated to 94601.
2014-05-30 00:09:50  Zip info found 6067 13-042744. Zip updated to 94603.
2014-05-30 00:09:50  Zip info found 6069 13-042764. Zip updated to 94607.
2014-05-30 00:09:50  End   -------------------------------------------------------
2014-05-30 00:15:00  Start -------------------------------------------------------
2014-05-30 00:15:00  Zip info found 6070 13-042757. Zip updated to 94608.
2014-05-30 00:15:00  Zip info found 6071 13-042757. Zip updated to 94608.
2014-05-30 00:15:00  Zip info found 6072 13-908707. Zip updated to 94609.
2014-05-30 00:15:00  Zip info found 6073 13-042448. Zip updated to 94601.
2014-05-30 00:15:00  Zip info found 6074 13-042447. Zip updated to 94605.
2014-05-30 00:15:00  End   -------------------------------------------------------
